<?xml version="1.0" encoding="UTF-8" ?>
<testsuite tests="4" failures="0" name="co.uk.widepoint.filesearch.io.ContentSearchDirectoryWalkerTest" time="0" errors="0" skipped="0">
  <properties>
[...]
</properties>
  <testcase classname="co.uk.widepoint.filesearch.io.ContentSearchDirectoryWalkerTest" name="test_content_match_end_of_line" time="0"/>
  <testcase classname="co.uk.widepoint.filesearch.io.ContentSearchDirectoryWalkerTest" name="test_content_match_middle_of_line" time="0"/>
  <testcase classname="co.uk.widepoint.filesearch.io.ContentSearchDirectoryWalkerTest" name="test_real_file_match" time="0"/>
  <testcase classname="co.uk.widepoint.filesearch.io.ContentSearchDirectoryWalkerTest" name="test_content_match_start_of_line" time="0"/>
</testsuite>